<?xml version="1.0" encoding="UTF-8"?>
<testng-results ignored="0" total="1" passed="1" failed="0" skipped="0">
  <reporter-output>
  </reporter-output>
  <suite started-at="2021-04-29T11:33:56 CST" name="Default suite" finished-at="2021-04-29T11:33:57 CST" duration-ms="636">
    <groups>
      <group name="cucumber">
        <method signature="TestRunner.feature(cucumber.api.testng.CucumberFeatureWrapper)[pri:0, instance:assignment.cucumberrunner.TestRunner@e056f20]" name="feature" class="assignment.cucumberrunner.TestRunner"/>
      </group> <!-- cucumber -->
    </groups>
    <test started-at="2021-04-29T11:33:56 CST" name="Default test" finished-at="2021-04-29T11:33:57 CST" duration-ms="636">
      <class name="assignment.cucumberrunner.TestRunner">
        <test-method is-config="true" signature="setUpCucumber()[pri:0, instance:assignment.cucumberrunner.TestRunner@e056f20]" started-at="2021-04-29T11:33:56 CST" name="setUpCucumber" finished-at="2021-04-29T11:33:56 CST" duration-ms="232" status="PASS">
          <reporter-output>
          </reporter-output>
        </test-method> <!-- setUpCucumber -->
        <test-method signature="feature(cucumber.api.testng.CucumberFeatureWrapper)[pri:0, instance:assignment.cucumberrunner.TestRunner@e056f20]" started-at="2021-04-29T11:33:57 CST" name="feature" description="Runs Cucumber Feature" data-provider="features" finished-at="2021-04-29T11:33:57 CST" duration-ms="261" status="PASS">
          <params>
            <param index="0">
              <value>
                <![CDATA[Cucumber and ATDD Assignment]]>
              </value>
            </param>
          </params>
          <reporter-output>
          </reporter-output>
        </test-method> <!-- feature -->
        <test-method is-config="true" signature="tearDownClass()[pri:0, instance:assignment.cucumberrunner.TestRunner@e056f20]" started-at="2021-04-29T11:33:57 CST" name="tearDownClass" finished-at="2021-04-29T11:33:57 CST" duration-ms="17" status="PASS">
          <reporter-output>
          </reporter-output>
        </test-method> <!-- tearDownClass -->
      </class> <!-- assignment.cucumberrunner.TestRunner -->
    </test> <!-- Default test -->
  </suite> <!-- Default suite -->
</testng-results>
